<?xml version="1.0" encoding="UTF-8"?>
<testng-results skipped="0" failed="0" ignored="0" total="1" passed="1">
  <reporter-output>
  </reporter-output>
  <suite name="Suite" duration-ms="2965" started-at="2020-04-24T12:45:55Z" finished-at="2020-04-24T12:45:58Z">
    <groups>
    </groups>
    <test name="Test" duration-ms="2965" started-at="2020-04-24T12:45:55Z" finished-at="2020-04-24T12:45:58Z">
      <class name="testCases.TestSignIn">
        <test-method status="PASS" signature="launchBrowser()[pri:0, instance:testCases.TestSignIn@482cd91f]" name="launchBrowser" is-config="true" duration-ms="12147" started-at="2020-04-24T12:45:43Z" finished-at="2020-04-24T12:45:55Z">
          <reporter-output>
          </reporter-output>
        </test-method> <!-- launchBrowser -->
        <test-method status="PASS" signature="verifySignIn()[pri:0, instance:testCases.TestSignIn@482cd91f]" name="verifySignIn" duration-ms="2926" started-at="2020-04-24T12:45:55Z" finished-at="2020-04-24T12:45:58Z">
          <reporter-output>
          </reporter-output>
        </test-method> <!-- verifySignIn -->
        <test-method status="PASS" signature="tearDown()[pri:0, instance:testCases.TestSignIn@482cd91f]" name="tearDown" is-config="true" duration-ms="508" started-at="2020-04-24T12:45:58Z" finished-at="2020-04-24T12:45:59Z">
          <reporter-output>
          </reporter-output>
        </test-method> <!-- tearDown -->
      </class> <!-- testCases.TestSignIn -->
    </test> <!-- Test -->
  </suite> <!-- Suite -->
</testng-results>
